Name:                builder
Namespace:           knative-eventing
Labels:              <none>
Annotations:         <none>
Image pull secrets:  builder-dockercfg-lt5nn
Mountable secrets:   builder-dockercfg-lt5nn
Tokens:              builder-token-t65gh
Events:              <none>


Name:                default
Namespace:           knative-eventing
Labels:              <none>
Annotations:         <none>
Image pull secrets:  default-dockercfg-8nx2t
Mountable secrets:   default-dockercfg-8nx2t
Tokens:              default-token-grhxf
Events:              <none>


Name:                deployer
Namespace:           knative-eventing
Labels:              <none>
Annotations:         <none>
Image pull secrets:  deployer-dockercfg-qg8p7
Mountable secrets:   deployer-dockercfg-qg8p7
Tokens:              deployer-token-ksh2j
Events:              <none>
