Name:         kube-root-ca.crt
Namespace:    knative-eventing
Labels:       <none>
Annotations:  kubernetes.io/description:
                Contains a CA bundle that can be used to verify the kube-apiserver when using internal endpoints such as the internal service IP or kubern...

Data
====
ca.crt:
----
-----BEGIN CERTIFICATE-----
MIIDMjCCAhqgAwIBAgIIS5Qba16bZvUwDQYJKoZIhvcNAQELBQAwNzESMBAGA1UE
CxMJb3BlbnNoaWZ0MSEwHwYDVQQDExhrdWJlLWFwaXNlcnZlci1sYi1zaWduZXIw
HhcNMjMwMzAzMTkyMjQ5WhcNMzMwMjI4MTkyMjQ5WjA3MRIwEAYDVQQLEwlvcGVu
c2hpZnQxITAfBgNVBAMTGGt1YmUtYXBpc2VydmVyLWxiLXNpZ25lcjCCASIwDQYJ
KoZIhvcNAQEBBQADggEPADCCAQoCggEBANI3hbyr57WnhgllfRO+/bBdWnRkWVMw
E7NSLQPQpkvfG7V7B72b8bgSgSI73jC0WIkvEDIwbqhgIX7Z4j5a6KF4UQq8uxQh
Z5nvLiRgB5HdWtbPfcETLkZPTGCRSDCkWyK990+V6j9abi0qLRq90gAWoNNBPPbM
dmQ9hsDPkh1Pd3HNke82vWD5fjHu7iHO4NQi7GhhlM82Qc7E9wL2D2UtLhe2WHKI
UCrMvprtwGR9bzrVQ6rzQESo9NDkawTTaKL7Tz/JDdCKZJn/v0RUTWL9HpXXST5n
bnWZaC1k32wC2rZ7OcqF8wwSWk+lA/bDT4JsGYJWQKg3pD5m6THCfxECAwEAAaNC
MEAwDgYDVR0PAQH/BAQDAgKkMA8GA1UdEwEB/wQFMAMBAf8wHQYDVR0OBBYEFGP4
K7bJV8g7EIQaRMsVq/jf9OA8MA0GCSqGSIb3DQEBCwUAA4IBAQC9nBVlIjHVmhf6
N5UVq6giwP3yIxKORmUfxZijNV+67qFg12bKTIhOqkmLCwsqj3K4qsuviSKTjXMd
ypcqP39xTgHfsljGjICPDJx7WrUMfkUbqCJ8Xp/LCbjyn7G4M7QPlz7EnsjdGi8J
m76aDQBHDSRPKjpo/9mHdw7KuGnQIyhMr1FKtixEW/x2HTGe5yIeqoPMraq0XWH8
8w+EKL+FtECqHCyjMl2SWcaLbjdDWIrpZLmBp8PEkamxNCtcRKXwbksTl1haC1id
D6bXwJiqUJaleARqjEQ6NbBZP0hV3NXpjp3QY8KtSmXXU0EDhADAEL1oD8/DliGW
kSp36pkI
-----END CERTIFICATE-----
-----BEGIN CERTIFICATE-----
MIIDQDCCAiigAwIBAgIIM5KWNucqkfkwDQYJKoZIhvcNAQELBQAwPjESMBAGA1UE
CxMJb3BlbnNoaWZ0MSgwJgYDVQQDEx9rdWJlLWFwaXNlcnZlci1sb2NhbGhvc3Qt
c2lnbmVyMB4XDTIzMDMwMzE5MjI0OVoXDTMzMDIyODE5MjI0OVowPjESMBAGA1UE
CxMJb3BlbnNoaWZ0MSgwJgYDVQQDEx9rdWJlLWFwaXNlcnZlci1sb2NhbGhvc3Qt
c2lnbmVyMIIBIjANBgkqhkiG9w0BAQEFAAOCAQ8AMIIBCgKCAQEAxKFEtsXItPyd
slxiYpxayCDPH8wSfqHMNrPXrwtwpqxoEmVtjxYg9MOcX1mi+jJk3z4OR+VHRfT1
z+GajMsqoawxzqnwiho8+RWyKjp1taxDyQ7r3o9WXe54EWflFbCwsBAzqNpWeBb4
izLYI3JpsIMIzUpl06EJkieXPhEYOGPrumIvNFgwOrQTSjGX6qvK5mtwdQD2jBgH
+uOrUe63udDtb+ZqGVej5qWsLzEsF2Bs8viNYutFuYwdfqBpcrOnoYo4PUZJDEAh
PLrisD7MPk5Syvnw3EdPhOneaNmaIKfKq7D4IlZKujaEJpo6ByAhBF+/fDDYHIAK
w0alPIg7/QIDAQABo0IwQDAOBgNVHQ8BAf8EBAMCAqQwDwYDVR0TAQH/BAUwAwEB
/zAdBgNVHQ4EFgQUXFWIZlIKWNGpJ7n4sGlpOdGu4NIwDQYJKoZIhvcNAQELBQAD
ggEBAKysi0+y4WGiLu2crJ0mEbbsziTsjSb4KoqeV5pKNxfuima3sUWvhyiuvXRZ
hQfEC18oEcEMu1FM2Vm7EOw4F/7RUM7KZCb52pUw6/9BzAMnwcH1Fk2eY6gLmN0A
Sh3yep6bPl7Ao3+epxH4ch8Jcqy2HC3wsRjYA2Q5W9pbZo+eWcwEbZNF+H13Yysi
D9HIENUJ2Zou7hvX+Qy//WqX+RbB00t1JVevbHMzSU2xE4x+rYzhlKZXMbAezZvd
AZ9tVJ7HhO/x89/OAIkZupT0j9Ul1uZ5rg21OWRSQxvB9nzzaAi2h5T57D8Y7rOB
PE7e2vSU/CSepEf09JLSc60OIpg=
-----END CERTIFICATE-----
-----BEGIN CERTIFICATE-----
MIIDTDCCAjSgAwIBAgIIY1QUvEs9t0MwDQYJKoZIhvcNAQELBQAwRDESMBAGA1UE
CxMJb3BlbnNoaWZ0MS4wLAYDVQQDEyVrdWJlLWFwaXNlcnZlci1zZXJ2aWNlLW5l
dHdvcmstc2lnbmVyMB4XDTIzMDMwMzE5MjI0OVoXDTMzMDIyODE5MjI0OVowRDES
MBAGA1UECxMJb3BlbnNoaWZ0MS4wLAYDVQQDEyVrdWJlLWFwaXNlcnZlci1zZXJ2
aWNlLW5ldHdvcmstc2lnbmVyMIIBIjANBgkqhkiG9w0BAQEFAAOCAQ8AMIIBCgKC
AQEAvh2Yl2fNbgSevOuIySld2bid36Bx4WNGU3zLHeytDG/MXehRw5CYN7Rygvti
PYFgln5RheUU2TebB3QfrvU7UNRbpy2gEkL1N1bH0dyeM0qldk0/GOT5k1eK4ve/
zaepnKvlc8hUAC8iWiAWQx04GBL1nNTiE8Fb1I8gADqE7CjGzPdtlt35+O4kbpya
A2zw7IZV/qDE3Cv4KQZn2e2/a7s+M2rzscB8lsXN3dxbpOHwK+TM1gapzRtXfvJG
h5vOBv/1/kz3RYgDry4FOkwnABwmQSdFMjA3UxKGiKsRzY6s4wowBiBH37Z/YLf5
uHQPNO9lKyM4HmxOcW9JTNcfdQIDAQABo0IwQDAOBgNVHQ8BAf8EBAMCAqQwDwYD
VR0TAQH/BAUwAwEB/zAdBgNVHQ4EFgQUEaW3MB+JQAbfp62M88FsDLWG2DkwDQYJ
KoZIhvcNAQELBQADggEBAE06MEmT7XSYxu6IXevwJ7r3D5MZUy60NhOEwyZ4s3GR
si0fZpGeeqxLu4dm6n2Rjmvif4Z3YTZ/ZEUQWrXB3+1OKZ+an51zn2VkYD/9Xi+d
2S79EJBFEGPP3fxaYs/McMQNWXzjzq4vIEUG8N6tZ49Pvlen8Ujk+AnZiMHUE4wu
PT3XMDQBai5JeeAXYUmSrr3G4TANbN1m1RNUe1F+I3vlIUYMS0JRDEfIz1209jue
NDmYL8RFXvJFPWVHaOoCr/xDYV0Pea8zLKA4/CLrIyXBgjujEEAeOQscfhHxdSzj
mdZrMXvb31oGuBmR9OkfFQMJknHMD044gcF9J/gOYm4=
-----END CERTIFICATE-----
-----BEGIN CERTIFICATE-----
MIIDlzCCAn+gAwIBAgIIaYCHkNWAzQwwDQYJKoZIhvcNAQELBQAwWTFXMFUGA1UE
AwxOb3BlbnNoaWZ0LWt1YmUtYXBpc2VydmVyLW9wZXJhdG9yX2xvY2FsaG9zdC1y
ZWNvdmVyeS1zZXJ2aW5nLXNpZ25lckAxNjc3ODcyMTk4MB4XDTIzMDMwMzE5MzYz
N1oXDTMzMDIyODE5MzYzOFowWTFXMFUGA1UEAwxOb3BlbnNoaWZ0LWt1YmUtYXBp
c2VydmVyLW9wZXJhdG9yX2xvY2FsaG9zdC1yZWNvdmVyeS1zZXJ2aW5nLXNpZ25l
ckAxNjc3ODcyMTk4MIIBIjANBgkqhkiG9w0BAQEFAAOCAQ8AMIIBCgKCAQEAtVOS
NLJSk+K4vFdJty58/zEILiLDJArIWCPXojD8B8pZDGp13HTDsh4J2nrkkAKdEVq9
GZNgRwQd/LUkWorzh4WEHaoOrXO1c78LLRSmUDZ5wrDyJiY0Fc9dDFyd6kNL1S91
55rgln3NV6k/NJ04a/bDnYNFW5t9QRatxfNTHmbHektiWvW3Bi4TiQuctkCJohLM
mbo2WfXChV0wKjnVarG1uMUMFVnp7l80XrnAF7N+Ov+2md9HEFpTQpR+7s3tYLC6
LI5R0YVDtrl1viATdiWlslYTW9v7OMNklm4U9pNhzYdS2av4kfv7kyi5KyIOpGl9
zhHZBz3E7PLRd67MTwIDAQABo2MwYTAOBgNVHQ8BAf8EBAMCAqQwDwYDVR0TAQH/
BAUwAwEB/zAdBgNVHQ4EFgQUK6c6XVeechE9tRPUJT1UwzlSZigwHwYDVR0jBBgw
FoAUK6c6XVeechE9tRPUJT1UwzlSZigwDQYJKoZIhvcNAQELBQADggEBADlxHdjv
2RejtcZDEmSfMgoCe1A3KPTqAIcpOAUaJWoD0jUDXIQJi/l2GW5X9T5JRtcMRuGT
biq6hXwaLB8cgSoi0eg7qQ7D+UeyOH/458ogF4ZxVahsirJOuumFeGps+qA1VukB
IWGGw+fojs+SLMhnI9P1T1JLxeEZ3zYiHmqwwTqgqMrsLJXsJj4y72kkft8BWx20
sNU0lHXeOWV1+UKKMHesx7eHk5AExSBs6wPFqWXbIjao4E0JYrhcFS+9kTbhTxTh
rnGd7lWcVZAKtDFk98CPZ4nfhiZDgntij/J0HDSdImtf+lijhgeC+Wucc3SKHd34
q9hg1fmkL0iVczE=
-----END CERTIFICATE-----
-----BEGIN CERTIFICATE-----
MIIDrzCCApegAwIBAgIIchVY6OtLf5wwDQYJKoZIhvcNAQELBQAwJjEkMCIGA1UE
AwwbaW5ncmVzcy1vcGVyYXRvckAxNjc3ODcyMjgwMB4XDTIzMDMwMzE5MzgwMFoX
DTI1MDMwMjE5MzgwMVowRzFFMEMGA1UEAww8Ki5hcHBzLmNpLWxuLTR6aGRmNGIt
NzIyOTIub3JpZ2luLWNpLWludC1nY2UuZGV2LnJoY2xvdWQuY29tMIIBIjANBgkq
hkiG9w0BAQEFAAOCAQ8AMIIBCgKCAQEAnHeImZxTwQJnh58R9bMIkXjBAUrcMDaK
9YtzoDPGhunDuTg+/HYQXh8F+VwmoicHQ3iqrzFcIXS8Sd40wzJnUPTMO/X+KGUB
LNSfmka//NE4nLLB5fVU6NH9a6Z8+gH+GhTX6yUuHvYMBrapH/8VI+LEpfdHyKxm
6YcxILclcks1zFL8DEwsFUdIvHmCkfH30jMZhAc4bv/cSYuoNoqdmP7RF7dySLNL
n2HquGmQ+2EEJijLGRq9si+BvnsgdoKeQ4Q+pray9PrQ+5jWrwX9pW1Z+XE9Ov9M
9t7/xibNEc1eEw7xysqXAPi7W2GyJpqrDNtNfmLfItH1T6vAKQukuwIDAQABo4G/
MIG8MA4GA1UdDwEB/wQEAwIFoDATBgNVHSUEDDAKBggrBgEFBQcDATAMBgNVHRMB
Af8EAjAAMB0GA1UdDgQWBBRuhOhrCA2oOanSnQvfJjGCjwKzSDAfBgNVHSMEGDAW
gBQm/YxPkX94QrscaRNKATeqf6K1UTBHBgNVHREEQDA+gjwqLmFwcHMuY2ktbG4t
NHpoZGY0Yi03MjI5Mi5vcmlnaW4tY2ktaW50LWdjZS5kZXYucmhjbG91ZC5jb20w
DQYJKoZIhvcNAQELBQADggEBAA1t0FDge9NtAH7GL0fGtCHPRQlYrFWKuOrnqJm8
PTkOPgoHEyxQkEg+PaVftxLPSkP1B9ovQX1llQs5diewfdaFF18X7b9WBC0FMxW3
D76jtuL0bzUZ7PTK47mh3xgRyj3bqvAGaMLAQ2PCu3bvQeOI2ta1Bwum1yrTohVQ
LjF8DhaGf105GtTY2JHTHd78Ckcz+ArCYb+4rmWHlFlg7x1SzjSnLjLlI6ywPzil
3H72JEF47p4N7Vk6PbzDh2LAH2LSbYSa9+Qfgk0uGiGTWHmmuUNPXGSkNVGoDPrP
YR1YzhH2Y/F+yE2xnc76B5sjzrzS0Orx6b0Z2HdHhfbSLfE=
-----END CERTIFICATE-----
-----BEGIN CERTIFICATE-----
MIIDDDCCAfSgAwIBAgIBATANBgkqhkiG9w0BAQsFADAmMSQwIgYDVQQDDBtpbmdy
ZXNzLW9wZXJhdG9yQDE2Nzc4NzIyODAwHhcNMjMwMzAzMTkzNzU5WhcNMjUwMzAy
MTkzODAwWjAmMSQwIgYDVQQDDBtpbmdyZXNzLW9wZXJhdG9yQDE2Nzc4NzIyODAw
ggEiMA0GCSqGSIb3DQEBAQUAA4IBDwAwggEKAoIBAQDWdlUuKudtxv5fEO3Hoo0I
2FyVKaMeyutzteSkH3imaXaO6EmMw3h7Rz40ViY0MZEo/QCy9yfla4+0+eiyg/00
6bJ7y/mkvYVxXq3wTb6F30TggrZAg9pnDHGEb4k464oJ3zlbTdz4qF25/sBhKwtj
e4CLtyotiEsqfA40UJQAnMYW4LZIFdyP7Ha14AzQKY3gitJjZvi7v1BYmE2eWqNt
iB1EA0ow0MXzQv7HUD2bynN+vCpAbCnV4rRR1Cq0iPdQkvYfCymoZ8JyEgjXXHg5
yFxcSSqdYLMAFVN1oRM9eX9JzXAmjJlC1I/snFkHFQQWoyKeRPt8MMh2034yY3o3
AgMBAAGjRTBDMA4GA1UdDwEB/wQEAwICpDASBgNVHRMBAf8ECDAGAQH/AgEAMB0G
A1UdDgQWBBQm/YxPkX94QrscaRNKATeqf6K1UTANBgkqhkiG9w0BAQsFAAOCAQEA
BhNWHkuSZipEpZ5dF551IBJPlRQ8+ccaoiWkUxO2dZ7BlqJ8z1aGMgcH0CpMIa9I
+QusJxRDy1QjmDmsHpByD+CukSmuIDVNCfpqP02h/4VS9kXxlAkQ7vDL7f67a8Yt
dmML6os2mwsgFFQKV8KhxbbYGQZO4qk7X4T0QJRL/utEUPpvb7qGOOwLD2VIGu3+
vRlyxHNRiylsenRaLxbLoQ84FP06EovF2/JXyf08q8sUdE2LN/SAGmQxG5rrRKAr
TtblSWo+sxKgMTdA7cwNEYIN6hmXeoMA/+5tbY388cLubd07KDrOk/6GBi/pYcO4
7XzJPGwg3UEeoIqpmJkU2g==
-----END CERTIFICATE-----

Events:  <none>


Name:         openshift-service-ca.crt
Namespace:    knative-eventing
Labels:       <none>
Annotations:  service.beta.openshift.io/inject-cabundle: true

Data
====
service-ca.crt:
----
-----BEGIN CERTIFICATE-----
MIIDUTCCAjmgAwIBAgIIIqPvxmVyEpIwDQYJKoZIhvcNAQELBQAwNjE0MDIGA1UE
Awwrb3BlbnNoaWZ0LXNlcnZpY2Utc2VydmluZy1zaWduZXJAMTY3Nzg3MjE5ODAe
Fw0yMzAzMDMxOTM2MzhaFw0yNTA1MDExOTM2MzlaMDYxNDAyBgNVBAMMK29wZW5z
aGlmdC1zZXJ2aWNlLXNlcnZpbmctc2lnbmVyQDE2Nzc4NzIxOTgwggEiMA0GCSqG
SIb3DQEBAQUAA4IBDwAwggEKAoIBAQC3qqtNZUQNBty1ZV4PbUqtng46IDGJ0K/v
u9tIb3yqN3RrEh2fUCJm2Vg/kRn4bvDd5ddwVr26ZSUA/tGiB+M6/HNTkGZDFKkf
kerbTvJHo+zZvN4oYNU/eyNkbbaCqz1i9qgxWA7vYObqNB8gbmwgsoeXcR477HYv
eHns0bGwttngG7lgiek6O3iyh0G/U3h6CivvrjJ0YAdXVgFJ9B72rI7IgPJL9DYe
jUyDUAylhy8P4LztbWAbc/i/DjLSLJiqPBQaiInvP4nL4AU07J+U4e8nnE2cwX+t
47qD5m3RwgZDsr4QACfJNeUhQj7k1UvwBipi59uueI42H3uq8N0DAgMBAAGjYzBh
MA4GA1UdDwEB/wQEAwICpDAPBgNVHRMBAf8EBTADAQH/MB0GA1UdDgQWBBQwu7Y8
RFQ9I551FnlazJfIOZm9MTAfBgNVHSMEGDAWgBQwu7Y8RFQ9I551FnlazJfIOZm9
MTANBgkqhkiG9w0BAQsFAAOCAQEAPXjY1utGBQL66kqDzpFOVG7FI9R5y2PB7P8F
wTKD/FbIPDmswiV5tAdMdh17pYOwKZAgHWtNQGwvAr0SX+ZiVPjv6jwUKg8yp5mI
6JT+25Z+hLscCUDk5P7ysjXm/gPG3zkXu/ZlXs9Fd90MEP/egLLdXUhHBf7kBtKH
0X1dFSMq0lEFTssbywKROE0TF8cd+/cNMlEYrRiEU6p/zAOhY0p66gnIsJKPTbnt
+UxSN+AUfnUUYYedw3ct8v5ruIF1KVBfSoV8YQ5zexKDWbCDkkzu+qmw8fbkUHgC
fToxbhkNhF+62rXnwzQXE8x3ywTCjneo4VBFfBuNwdH2P/vf2A==
-----END CERTIFICATE-----

Events:  <none>
