Name:         istiod-basic-istio-system
Labels:       app=istiod
              app.kubernetes.io/component=istio-discovery
              app.kubernetes.io/instance=istio-system
              app.kubernetes.io/managed-by=maistra-istio-operator
              app.kubernetes.io/name=istio-discovery
              app.kubernetes.io/part-of=istio
              maistra-version=2.1.6
              maistra.io/member-of=istio-system
              release=istio
Annotations:  maistra.io/mesh-generation: 2.3.1-1-2
Role:
  Kind:  ClusterRole
  Name:  istiod-basic-istio-system
Subjects:
  Kind            Name                          Namespace
  ----            ----                          ---------
  ServiceAccount  istiod-service-account-basic  istio-system


Name:         kiali
Labels:       app=kiali
              app.kubernetes.io/instance=kiali
              app.kubernetes.io/name=kiali
              app.kubernetes.io/part-of=kiali
              app.kubernetes.io/version=13442c85948c6ef194b3c0a5547f6deb44e6318b2326a563cd324b50ca75XXX
              version=13442c85948c6ef194b3c0a5547f6deb44e6318b2326a563cd324b50ca75XXX
Annotations:  operator-sdk/primary-resource: istio-system/kiali
              operator-sdk/primary-resource-type: Kiali.kiali.io
Role:
  Kind:  Role
  Name:  kiali
Subjects:
  Kind            Name                   Namespace
  ----            ----                   ---------
  ServiceAccount  kiali-service-account  istio-system


Name:         knative-prometheus-k8s
Labels:       <none>
Annotations:  <none>
Role:
  Kind:  Role
  Name:  knative-prometheus-k8s
Subjects:
  Kind            Name            Namespace
  ----            ----            ---------
  ServiceAccount  prometheus-k8s  openshift-monitoring


Name:         openshift-serverless-view-serving-configmaps
Labels:       <none>
Annotations:  <none>
Role:
  Kind:  Role
  Name:  openshift-serverless-view-serving-configmaps
Subjects:
  Kind   Name                  Namespace
  ----   ----                  ---------
  Group  system:authenticated  


Name:         prometheus-istio-system
Labels:       app=prometheus
              app.kubernetes.io/component=prometheus
              app.kubernetes.io/instance=istio-system
              app.kubernetes.io/managed-by=maistra-istio-operator
              app.kubernetes.io/name=prometheus
              app.kubernetes.io/part-of=istio
              maistra-version=2.1.6
              maistra.io/member-of=istio-system
              release=istio
Annotations:  maistra.io/mesh-generation: 2.3.1-1-2
Role:
  Kind:  ClusterRole
  Name:  prometheus-istio-system
Subjects:
  Kind            Name        Namespace
  ----            ----        ---------
  ServiceAccount  prometheus  istio-system


Name:         system:deployers
Labels:       <none>
Annotations:  openshift.io/description:
                Allows deploymentconfigs in this namespace to rollout pods in this namespace.  It is auto-managed by a controller; remove subjects to disa...
Role:
  Kind:  ClusterRole
  Name:  system:deployer
Subjects:
  Kind            Name      Namespace
  ----            ----      ---------
  ServiceAccount  deployer  knative-serving


Name:         system:image-builders
Labels:       <none>
Annotations:  openshift.io/description:
                Allows builds in this namespace to push images to this namespace.  It is auto-managed by a controller; remove subjects to disable.
Role:
  Kind:  ClusterRole
  Name:  system:image-builder
Subjects:
  Kind            Name     Namespace
  ----            ----     ---------
  ServiceAccount  builder  knative-serving


Name:         system:image-pullers
Labels:       <none>
Annotations:  openshift.io/description:
                Allows all pods in this namespace to pull images from this namespace.  It is auto-managed by a controller; remove subjects to disable.
Role:
  Kind:  ClusterRole
  Name:  system:image-puller
Subjects:
  Kind   Name                                    Namespace
  ----   ----                                    ---------
  Group  system:serviceaccounts:knative-serving  


Name:         wasm-cacher-basic
Labels:       app=wasm-cacher
              app.kubernetes.io/component=wasm-extensions
              app.kubernetes.io/instance=istio-system
              app.kubernetes.io/managed-by=maistra-istio-operator
              app.kubernetes.io/name=wasm-extensions
              app.kubernetes.io/part-of=istio
              istio.io/rev=basic
              maistra-version=2.1.6
              maistra.io/member-of=istio-system
              release=istio
Annotations:  maistra.io/mesh-generation: 2.3.1-1-2
Role:
  Kind:  ClusterRole
  Name:  wasm-cacher-basic-istio-system
Subjects:
  Kind            Name               Namespace
  ----            ----               ---------
  ServiceAccount  wasm-cacher-basic  istio-system


Name:         wasm-cacher-registry-viewer-basic
Labels:       app=wasm-cacher
              app.kubernetes.io/component=wasm-extensions
              app.kubernetes.io/instance=istio-system
              app.kubernetes.io/managed-by=maistra-istio-operator
              app.kubernetes.io/name=wasm-extensions
              app.kubernetes.io/part-of=istio
              istio.io/rev=basic
              maistra-version=2.1.6
              maistra.io/member-of=istio-system
              release=istio
Annotations:  maistra.io/mesh-generation: 2.3.1-1-2
Role:
  Kind:  ClusterRole
  Name:  registry-viewer
Subjects:
  Kind            Name               Namespace
  ----            ----               ---------
  ServiceAccount  wasm-cacher-basic  istio-system
